2026-03-13 13:37:15.366 xcodebuild[4491:18259429]  DTDKRemoteDeviceConnection: Failed to start remote service "com.apple.mobile.notification_proxy" on device. Error: Error Domain=com.apple.dtdevicekit Code=811 "Failed to start remote service "com.apple.mobile.notification_proxy" on device." UserInfo={NSUnderlyingError=0x600001ed49f0 {Error Domain=com.apple.dt.MobileDeviceErrorDomain Code=-402653158 "The device is passcode protected." UserInfo={MobileDeviceErrorCode=(0xE800001A), com.apple.dtdevicekit.stacktrace=(
	0   DTDeviceKitBase                     0x00000001126a6644 DTDKCreateNSErrorFromAMDErrorCode + 312
	1   DTDeviceKitBase                     0x00000001126b23c0 __63-[DTDKRemoteDeviceConnection startFirstServiceOf:unlockKeybag:]_block_invoke + 368
	2   DTDeviceKitBase                     0x00000001126b1bc8 __48-[DTDKRemoteDeviceConnection futureWithSession:]_block_invoke_4 + 28
	3   DTDeviceKitBase                     0x00000001126a86b4 __DTDKExecuteInSession_block_invoke_2 + 68
	4   DTDeviceKitBase                     0x00000001126a7df4 __DTDKExecuteWithConnection_block_invoke_2 + 216
	5   DTDeviceKitBase                     0x00000001126a7cf0 __DTDKExecuteWithConnection_block_invoke + 104
	6   libdispatch.dylib                   0x0000000185d0985c _dispatch_client_callout + 16
	7   libdispatch.dylib                   0x0000000185cffbcc _dispatch_sync_invoke_and_complete_recurse + 64
	8   libdispatch.dylib                   0x0000000185cff65c _dispatch_sync_f_slow + 176
	9   DVTFoundation                       0x00000001093046b0 DVTDispatchBarrierSync + 148
	10  DVTFoundation                       0x0000000109305810 -[DVTDispatchLock performLockedBlock:] + 60
	11  DTDeviceKitBase                     0x00000001126a7bf4 DTDKExecuteWithConnection + 200
	12  DTDeviceKitBase                     0x00000001126a8548 DTDKExecuteInSession + 260
	13  DTDeviceKitBase                     0x00000001126b199c __48-[DTDKRemoteDeviceConnection futureWithSession:]_block_invoke_2 + 204
	14  DVTFoundation                       0x0000000109303a74 __DVT_CALLING_CLIENT_BLOCK__ + 16
	15  DVTFoundation                       0x00000001093043f4 __DVTDispatchAsync_block_invoke + 152
	16  libdispatch.dylib                   0x0000000185cefb2c _dispatch_call_block_and_release + 32
	17  libdispatch.dylib                   0x0000000185d0985c _dispatch_client_callout + 16
	18  libdispatch.dylib                   0x0000000185cf8350 _dispatch_lane_serial_drain + 740
	19  libdispatch.dylib                   0x0000000185cf8e60 _dispatch_lane_invoke + 440
	20  libdispatch.dylib                   0x0000000185d03264 _dispatch_root_queue_drain_deferred_wlh + 292
	21  libdispatch.dylib                   0x0000000185d02ae8 _dispatch_workloop_worker_thread + 540
	22  libsystem_pthread.dylib             0x0000000185ea3e20 _pthread_wqthread + 292
	23  libsystem_pthread.dylib             0x0000000185ea2b74 start_wqthread + 8
), DVTRadarComponentKey=261622, NSLocalizedDescription=The device is passcode protected.}}, NSLocalizedRecoverySuggestion=Please check your connection to your device., DVTRadarComponentKey=261622, NSLocalizedDescription=Failed to start remote service "com.apple.mobile.notification_proxy" on device.}
2026-03-13 13:37:18.039 xcodebuild[4491:18259429]  DTDKRemoteDeviceConnection: Failed to start remote service "com.apple.mobile.notification_proxy" on device. Error: Error Domain=com.apple.dtdevicekit Code=811 "Failed to start remote service "com.apple.mobile.notification_proxy" on device." UserInfo={NSUnderlyingError=0x600001c2a160 {Error Domain=com.apple.dt.MobileDeviceErrorDomain Code=-402653158 "The device is passcode protected." UserInfo={MobileDeviceErrorCode=(0xE800001A), com.apple.dtdevicekit.stacktrace=(
	0   DTDeviceKitBase                     0x00000001126a6644 DTDKCreateNSErrorFromAMDErrorCode + 312
	1   DTDeviceKitBase                     0x00000001126b23c0 __63-[DTDKRemoteDeviceConnection startFirstServiceOf:unlockKeybag:]_block_invoke + 368
	2   DTDeviceKitBase                     0x00000001126b1bc8 __48-[DTDKRemoteDeviceConnection futureWithSession:]_block_invoke_4 + 28
	3   DTDeviceKitBase                     0x00000001126a86b4 __DTDKExecuteInSession_block_invoke_2 + 68
	4   DTDeviceKitBase                     0x00000001126a7df4 __DTDKExecuteWithConnection_block_invoke_2 + 216
	5   DTDeviceKitBase                     0x00000001126a7cf0 __DTDKExecuteWithConnection_block_invoke + 104
	6   libdispatch.dylib                   0x0000000185d0985c _dispatch_client_callout + 16
	7   libdispatch.dylib                   0x0000000185cff7a8 _dispatch_lane_barrier_sync_invoke_and_complete + 56
	8   DVTFoundation                       0x00000001093046b0 DVTDispatchBarrierSync + 148
	9   DVTFoundation                       0x0000000109305810 -[DVTDispatchLock performLockedBlock:] + 60
	10  DTDeviceKitBase                     0x00000001126a7bf4 DTDKExecuteWithConnection + 200
	11  DTDeviceKitBase                     0x00000001126a8548 DTDKExecuteInSession + 260
	12  DTDeviceKitBase                     0x00000001126b199c __48-[DTDKRemoteDeviceConnection futureWithSession:]_block_invoke_2 + 204
	13  DVTFoundation                       0x0000000109303a74 __DVT_CALLING_CLIENT_BLOCK__ + 16
	14  DVTFoundation                       0x00000001093043f4 __DVTDispatchAsync_block_invoke + 152
	15  libdispatch.dylib                   0x0000000185cefb2c _dispatch_call_block_and_release + 32
	16  libdispatch.dylib                   0x0000000185d0985c _dispatch_client_callout + 16
	17  libdispatch.dylib                   0x0000000185cf8350 _dispatch_lane_serial_drain + 740
	18  libdispatch.dylib                   0x0000000185cf8e60 _dispatch_lane_invoke + 440
	19  libdispatch.dylib                   0x0000000185d03264 _dispatch_root_queue_drain_deferred_wlh + 292
	20  libdispatch.dylib                   0x0000000185d02ae8 _dispatch_workloop_worker_thread + 540
	21  libsystem_pthread.dylib             0x0000000185ea3e20 _pthread_wqthread + 292
	22  libsystem_pthread.dylib             0x0000000185ea2b74 start_wqthread + 8
), DVTRadarComponentKey=261622, NSLocalizedDescription=The device is passcode protected.}}, NSLocalizedRecoverySuggestion=Please check your connection to your device., DVTRadarComponentKey=261622, NSLocalizedDescription=Failed to start remote service "com.apple.mobile.notification_proxy" on device.}
** BUILD FAILED **


The following build commands failed:
	CompileC /Users/tomasmartins/Library/Developer/Xcode/DerivedData/crossmintsdk-dshelgutvdoobfbzteabehpmpprw/Build/Intermediates.noindex/Pods.build/Debug-iphoneos/ExpoModulesCore.build/Objects-normal/arm64/EXJavaScriptWeakObject.o /Users/tomasmartins/Developer/Web/crossmint-sdk/node_modules/.pnpm/expo-modules-core@3.0.29_react-native@0.82.1_@babel+core@7.28.5_@types+react@19.1.10_bufferut_pllhzwq5ljyrypiuev6xpvfk3m/node_modules/expo-modules-core/ios/JSI/EXJavaScriptWeakObject.mm normal arm64 objective-c++ com.apple.compilers.llvm.clang.1_0.compiler (in target 'ExpoModulesCore' from project 'Pods')
	Building workspace crossmintsdk with scheme crossmintsdk and configuration Debug
(2 failures)
