
> @crossmint/client-sdk-vanilla-ui@1.1.0-alpha.0 build C:\Users\Maxwell\code\paella\crossmint-client-sdk-stable\packages\ui\vanilla-ui
> pnpm run clean && tsup src/index.ts --format esm,cjs,iife --outDir ./dist --minify --dts --sourcemap


> @crossmint/client-sdk-vanilla-ui@1.1.0-alpha.0 clean C:\Users\Maxwell\code\paella\crossmint-client-sdk-stable\packages\ui\vanilla-ui
> shx rm -rf dist/*

[34mCLI[39m Building entry: src/index.ts
[34mCLI[39m Using tsconfig: tsconfig.json
[34mCLI[39m tsup v7.2.0
[34mCLI[39m Target: es6
[34mESM[39m Build start
[34mCJS[39m Build start
[34mIIFE[39m Build start
[32mESM[39m [1mdist\index.js     [22m[32m9.66 KB[39m
[32mESM[39m [1mdist\index.js.map [22m[32m21.28 KB[39m
[32mESM[39m ⚡️ Build success in 50ms
[32mCJS[39m [1mdist\index.cjs     [22m[32m10.59 KB[39m
[32mCJS[39m [1mdist\index.cjs.map [22m[32m20.87 KB[39m
[32mCJS[39m ⚡️ Build success in 51ms
[32mIIFE[39m [1mdist\index.global.js     [22m[32m53.42 KB[39m
[32mIIFE[39m [1mdist\index.global.js.map [22m[32m291.28 KB[39m
[32mIIFE[39m ⚡️ Build success in 95ms
[34mDTS[39m Build start
[32mDTS[39m ⚡️ Build success in 2047ms
[32mDTS[39m [1mdist\index.d.ts  [22m[32m331.00 B[39m
[32mDTS[39m [1mdist\index.d.cts [22m[32m331.00 B[39m
